{
  "RSpec": {
    "coverage": {
      "/Users/duc4nh/Rth/fantasy-football/app/controllers/matches_controller.rb": [
        1,
        1,
        1,
        null,
        null,
        1,
        1,
        null,
        null,
        1,
        2,
        1,
        1,
        null,
        null,
        1,
        1,
        1,
        3,
        2,
        null,
        1,
        null,
        null,
        null,
        4,
        2,
        1,
        null,
        1,
        1,
        null,
        0,
        null,
        null,
        null,
        1,
        null,
        1,
        2,
        null,
        null,
        1,
        2,
        2,
        2,
        2,
        1,
        null,
        1,
        null,
        null,
        1,
        2,
        4,
        0,
        null,
        null,
        2,
        null,
        null
      ],
      "/Users/duc4nh/Rth/fantasy-football/app/controllers/application_controller.rb": [
        1,
        1,
        null
      ],
      "/Users/duc4nh/Rth/fantasy-football/spec/controllers/players_controller_spec.rb": [
        1,
        null,
        1,
        5,
        null,
        1,
        1,
        1,
        1,
        null,
        null,
        1,
        1,
        1,
        1,
        null,
        null,
        1,
        1,
        1,
        1,
        null,
        null,
        1,
        1,
        null,
        null,
        null,
        null,
        null,
        null,
        1,
        1,
        1,
        null,
        null,
        1,
        1,
        1,
        null,
        null,
        null,
        null,
        null,
        null,
        1,
        1,
        1,
        null,
        null,
        1,
        1,
        null,
        null,
        null,
        null,
        null,
        null,
        null,
        1,
        1,
        1,
        null,
        null,
        3,
        1,
        1,
        null,
        null,
        null,
        null,
        null,
        null,
        null,
        1,
        1,
        1,
        null,
        null,
        1,
        1,
        null,
        null,
        1,
        1,
        1,
        null,
        null
      ],
      "/Users/duc4nh/Rth/fantasy-football/app/controllers/players_controller.rb": [
        1,
        1,
        null,
        1,
        1,
        null,
        null,
        1,
        1,
        null,
        null,
        1,
        2,
        1,
        1,
        null,
        null,
        1,
        1,
        null,
        null,
        1,
        null,
        null,
        1,
        2,
        1,
        1,
        null,
        null,
        1,
        1,
        null,
        null,
        1,
        1,
        1,
        null,
        null,
        1,
        null,
        1,
        4,
        null,
        null,
        1,
        4,
        2,
        0,
        null,
        null
      ],
      "/Users/duc4nh/Rth/fantasy-football/spec/controllers/ranking_controller_spec.rb": [
        1,
        null,
        1,
        1,
        1,
        1,
        1,
        1,
        null,
        null,
        null
      ],
      "/Users/duc4nh/Rth/fantasy-football/app/controllers/ranking_controller.rb": [
        1,
        1,
        1,
        1,
        null,
        1,
        0,
        0,
        null,
        null,
        null,
        null,
        null,
        null,
        0,
        0,
        null,
        null,
        null
      ],
      "/Users/duc4nh/Rth/fantasy-football/spec/controllers/teams_controller_spec.rb": [
        1,
        null,
        1,
        1,
        1,
        1,
        1,
        null,
        null,
        1,
        1,
        1,
        1,
        null,
        null,
        2,
        1,
        1,
        null,
        null,
        null,
        null,
        null,
        1,
        1,
        1,
        null,
        null,
        1,
        1,
        null,
        null,
        null,
        null,
        null,
        1,
        1,
        1,
        null,
        null
      ],
      "/Users/duc4nh/Rth/fantasy-football/app/controllers/teams_controller.rb": [
        1,
        1,
        1,
        null,
        null,
        1,
        1,
        null,
        null,
        1,
        2,
        4,
        2,
        null,
        2,
        1,
        null,
        1,
        null,
        null,
        null
      ],
      "/Users/duc4nh/Rth/fantasy-football/spec/helpers/matches_helper_spec.rb": [
        1,
        null,
        null,
        null,
        null,
        null,
        null,
        null,
        null,
        null,
        null,
        null,
        1,
        null,
        null
      ],
      "/Users/duc4nh/Rth/fantasy-football/spec/helpers/players_helper_spec.rb": [
        1,
        null,
        null,
        null,
        null,
        null,
        null,
        null,
        null,
        null,
        null,
        null,
        1,
        null,
        null
      ],
      "/Users/duc4nh/Rth/fantasy-football/spec/helpers/ranking_helper_spec.rb": [
        1,
        null,
        null,
        null,
        null,
        null,
        null,
        null,
        null,
        null,
        null,
        null,
        1,
        null,
        null
      ],
      "/Users/duc4nh/Rth/fantasy-football/spec/helpers/teams_helper_spec.rb": [
        1,
        null,
        null,
        null,
        null,
        null,
        null,
        null,
        null,
        null,
        null,
        null,
        1,
        null,
        null
      ],
      "/Users/duc4nh/Rth/fantasy-football/spec/models/game_spec.rb": [
        null,
        null,
        null,
        null,
        null,
        null,
        null,
        null,
        null,
        null,
        null,
        null,
        null,
        1,
        null,
        1,
        1,
        2,
        2,
        2,
        null,
        null,
        1,
        2,
        2,
        2,
        2,
        null,
        null
      ],
      "/Users/duc4nh/Rth/fantasy-football/app/models/game.rb": [
        null,
        null,
        null,
        null,
        null,
        null,
        null,
        null,
        null,
        null,
        null,
        null,
        null,
        1,
        1,
        1,
        1,
        null,
        1,
        null
      ],
      "/Users/duc4nh/Rth/fantasy-football/app/models/application_record.rb": [
        1,
        1,
        null
      ],
      "/Users/duc4nh/Rth/fantasy-football/spec/models/match_spec.rb": [
        null,
        null,
        null,
        null,
        null,
        null,
        null,
        null,
        null,
        null,
        1,
        null,
        1,
        1,
        2,
        2,
        2,
        null,
        null,
        1,
        null,
        null
      ],
      "/Users/duc4nh/Rth/fantasy-football/app/models/match.rb": [
        null,
        null,
        null,
        null,
        null,
        null,
        null,
        null,
        null,
        null,
        1,
        1,
        1,
        1,
        null,
        1,
        1,
        1,
        1,
        null,
        null,
        1,
        1,
        1,
        null,
        null
      ],
      "/Users/duc4nh/Rth/fantasy-football/spec/models/player_spec.rb": [
        null,
        null,
        null,
        null,
        null,
        null,
        null,
        null,
        null,
        null,
        null,
        null,
        1,
        null,
        1,
        1,
        2,
        null,
        null,
        1,
        2,
        2,
        null,
        null
      ],
      "/Users/duc4nh/Rth/fantasy-football/app/models/player.rb": [
        null,
        null,
        null,
        null,
        null,
        null,
        null,
        null,
        null,
        null,
        null,
        null,
        1,
        1,
        null,
        1,
        null,
        1,
        0,
        null,
        null
      ],
      "/Users/duc4nh/Rth/fantasy-football/spec/models/team_spec.rb": [
        null,
        null,
        null,
        null,
        null,
        null,
        null,
        null,
        null,
        null,
        1,
        null,
        1,
        1,
        2,
        2,
        2,
        2,
        2,
        null,
        null,
        1,
        2,
        null,
        null
      ],
      "/Users/duc4nh/Rth/fantasy-football/app/models/team.rb": [
        null,
        null,
        null,
        null,
        null,
        null,
        null,
        null,
        null,
        null,
        1,
        1,
        1,
        1,
        1,
        1,
        null,
        1,
        1,
        1,
        10,
        10,
        null,
        null
      ]
    },
    "timestamp": 1521306885
  }
}
